Not Found: /
Homepage was accessed at 2022-07-25 10:38:01.973517 hours!
Homepage was accessed at 2022-07-25 10:38:02.891915 hours!
Homepage was accessed at 2022-07-25 10:38:09.050684 hours!
Login was accessed at 2022-07-25 10:40:57.649766 hours!
create employee at 2022-07-25 10:40:57.650379 hours!
create address at 2022-07-25 10:40:57.650750 hours!
create person at 2022-07-25 10:40:57.650970 hours!
Login was accessed at 2022-07-25 10:40:58.259317 hours!
create employee at 2022-07-25 10:40:58.260910 hours!
create address at 2022-07-25 10:40:58.261725 hours!
create person at 2022-07-25 10:40:58.262199 hours!
Login was accessed at 2022-07-25 10:41:18.748917 hours!
create employee at 2022-07-25 10:41:18.749299 hours!
create address at 2022-07-25 10:41:18.749513 hours!
create person at 2022-07-25 10:41:18.749640 hours!
Get all employee at 2022-07-25 10:41:18.749794 hours!
Login was accessed at 2022-07-25 10:41:19.807756 hours!
create employee at 2022-07-25 10:41:19.809316 hours!
create address at 2022-07-25 10:41:19.810093 hours!
create person at 2022-07-25 10:41:19.810489 hours!
Get all employee at 2022-07-25 10:41:19.811037 hours!
Login was accessed at 2022-07-25 10:41:47.750871 hours!
create employee at 2022-07-25 10:41:47.751419 hours!
create address at 2022-07-25 10:41:47.751750 hours!
create person at 2022-07-25 10:41:47.751967 hours!
Get all employee at 2022-07-25 10:41:47.752244 hours!
update user at 2022-07-25 10:41:47.752342 hours!
Login was accessed at 2022-07-25 10:41:49.206233 hours!
create employee at 2022-07-25 10:41:49.207616 hours!
create address at 2022-07-25 10:41:49.208390 hours!
create person at 2022-07-25 10:41:49.208810 hours!
Get all employee at 2022-07-25 10:41:49.209541 hours!
update user at 2022-07-25 10:41:49.209813 hours!
Login was accessed at 2022-07-25 10:53:28.494233 hours!
create employee at 2022-07-25 10:53:28.494717 hours!
create address at 2022-07-25 10:53:28.495213 hours!
create person at 2022-07-25 10:53:28.495467 hours!
Get all employee at 2022-07-25 10:53:28.495883 hours!
update user at 2022-07-25 10:53:28.496028 hours!
Login was accessed at 2022-07-25 10:53:29.683630 hours!
create employee at 2022-07-25 10:53:29.684811 hours!
create address at 2022-07-25 10:53:29.685526 hours!
create person at 2022-07-25 10:53:29.685870 hours!
Get all employee at 2022-07-25 10:53:29.686320 hours!
update user at 2022-07-25 10:53:29.686464 hours!
Login was accessed at 2022-07-25 10:57:48.021526 hours!
create employee at 2022-07-25 10:57:48.022136 hours!
create address at 2022-07-25 10:57:48.022620 hours!
create person at 2022-07-25 10:57:48.022868 hours!
Get all employee at 2022-07-25 10:57:48.023129 hours!
update user at 2022-07-25 10:57:48.023225 hours!
Login was accessed at 2022-07-25 10:57:49.045525 hours!
create employee at 2022-07-25 10:57:49.047134 hours!
create address at 2022-07-25 10:57:49.048075 hours!
create person at 2022-07-25 10:57:49.048739 hours!
Get all employee at 2022-07-25 10:57:49.049522 hours!
update user at 2022-07-25 10:57:49.049815 hours!
Internal Server Error: /api/getallemp
Traceback (most recent call last):
  File "/home/keerthana/PycharmProjects/matc_django/matc/venv/lib/python3.8/site-packages/django/core/handlers/exception.py", line 47, in inner
    response = get_response(request)
  File "/home/keerthana/PycharmProjects/matc_django/matc/venv/lib/python3.8/site-packages/django/core/handlers/base.py", line 181, in _get_response
    response = wrapped_callback(request, *callback_args, **callback_kwargs)
  File "/home/keerthana/PycharmProjects/matc_django/matc/venv/lib/python3.8/site-packages/django/views/decorators/csrf.py", line 54, in wrapped_view
    return view_func(*args, **kwargs)
  File "/home/keerthana/PycharmProjects/matc_django/matc/venv/lib/python3.8/site-packages/django/views/generic/base.py", line 69, in view
    return self.dispatch(request, *args, **kwargs)
  File "/home/keerthana/PycharmProjects/matc_django/matc/venv/lib/python3.8/site-packages/rest_framework/views.py", line 509, in dispatch
    response = self.handle_exception(exc)
  File "/home/keerthana/PycharmProjects/matc_django/matc/venv/lib/python3.8/site-packages/rest_framework/views.py", line 469, in handle_exception
    self.raise_uncaught_exception(exc)
  File "/home/keerthana/PycharmProjects/matc_django/matc/venv/lib/python3.8/site-packages/rest_framework/views.py", line 480, in raise_uncaught_exception
    raise exc
  File "/home/keerthana/PycharmProjects/matc_django/matc/venv/lib/python3.8/site-packages/rest_framework/views.py", line 506, in dispatch
    response = handler(request, *args, **kwargs)
  File "/home/keerthana/PycharmProjects/matc_django/matc/venv/lib/python3.8/site-packages/rest_framework/generics.py", line 199, in get
    return self.list(request, *args, **kwargs)
  File "/home/keerthana/PycharmProjects/matc_django/matc/venv/lib/python3.8/site-packages/rest_framework/mixins.py", line 38, in list
    queryset = self.filter_queryset(self.get_queryset())
  File "/home/keerthana/PycharmProjects/matc_django/matc/empapp/views.py", line 146, in get_queryset
    page = pagination.paginate_queryset(queryset=response, request=request)
  File "/home/keerthana/PycharmProjects/matc_django/matc/venv/lib/python3.8/site-packages/rest_framework/pagination.py", line 196, in paginate_queryset
    page_size = self.get_page_size(request)
  File "/home/keerthana/PycharmProjects/matc_django/matc/venv/lib/python3.8/site-packages/rest_framework/pagination.py", line 262, in get_page_size
    request.query_params[self.page_size_query_param],
AttributeError: module 'rest_framework.request' has no attribute 'query_params'
Login was accessed at 2022-07-25 11:44:07.720001 hours!
create employee at 2022-07-25 11:44:07.720364 hours!
create address at 2022-07-25 11:44:07.720664 hours!
create person at 2022-07-25 11:44:07.720803 hours!
Get all employee at 2022-07-25 11:44:07.720959 hours!
update user at 2022-07-25 11:44:07.721025 hours!
Login was accessed at 2022-07-25 11:44:09.031200 hours!
create employee at 2022-07-25 11:44:09.032637 hours!
create address at 2022-07-25 11:44:09.033356 hours!
create person at 2022-07-25 11:44:09.033781 hours!
Get all employee at 2022-07-25 11:44:09.034334 hours!
update user at 2022-07-25 11:44:09.034621 hours!
Login was accessed at 2022-07-25 11:44:23.033665 hours!
create employee at 2022-07-25 11:44:23.034846 hours!
create address at 2022-07-25 11:44:23.035395 hours!
create person at 2022-07-25 11:44:23.035753 hours!
Get all employee at 2022-07-25 11:44:23.036236 hours!
update user at 2022-07-25 11:44:23.036435 hours!
Login was accessed at 2022-07-25 11:44:51.271726 hours!
create employee at 2022-07-25 11:44:51.272321 hours!
create address at 2022-07-25 11:44:51.272865 hours!
create person at 2022-07-25 11:44:51.273177 hours!
Get all employee at 2022-07-25 11:44:51.273516 hours!
update user at 2022-07-25 11:44:51.273659 hours!
Login was accessed at 2022-07-25 11:44:53.011537 hours!
create employee at 2022-07-25 11:44:53.012753 hours!
create address at 2022-07-25 11:44:53.013304 hours!
create person at 2022-07-25 11:44:53.013614 hours!
Get all employee at 2022-07-25 11:44:53.014061 hours!
update user at 2022-07-25 11:44:53.014204 hours!
Internal Server Error: /api/getallemp
Traceback (most recent call last):
  File "/home/keerthana/PycharmProjects/matc_django/matc/venv/lib/python3.8/site-packages/django/core/handlers/exception.py", line 47, in inner
    response = get_response(request)
  File "/home/keerthana/PycharmProjects/matc_django/matc/venv/lib/python3.8/site-packages/django/core/handlers/base.py", line 181, in _get_response
    response = wrapped_callback(request, *callback_args, **callback_kwargs)
  File "/home/keerthana/PycharmProjects/matc_django/matc/venv/lib/python3.8/site-packages/django/views/decorators/csrf.py", line 54, in wrapped_view
    return view_func(*args, **kwargs)
  File "/home/keerthana/PycharmProjects/matc_django/matc/venv/lib/python3.8/site-packages/django/views/generic/base.py", line 69, in view
    return self.dispatch(request, *args, **kwargs)
  File "/home/keerthana/PycharmProjects/matc_django/matc/venv/lib/python3.8/site-packages/rest_framework/views.py", line 509, in dispatch
    response = self.handle_exception(exc)
  File "/home/keerthana/PycharmProjects/matc_django/matc/venv/lib/python3.8/site-packages/rest_framework/views.py", line 469, in handle_exception
    self.raise_uncaught_exception(exc)
  File "/home/keerthana/PycharmProjects/matc_django/matc/venv/lib/python3.8/site-packages/rest_framework/views.py", line 480, in raise_uncaught_exception
    raise exc
  File "/home/keerthana/PycharmProjects/matc_django/matc/venv/lib/python3.8/site-packages/rest_framework/views.py", line 506, in dispatch
    response = handler(request, *args, **kwargs)
  File "/home/keerthana/PycharmProjects/matc_django/matc/venv/lib/python3.8/site-packages/rest_framework/generics.py", line 199, in get
    return self.list(request, *args, **kwargs)
  File "/home/keerthana/PycharmProjects/matc_django/matc/venv/lib/python3.8/site-packages/rest_framework/mixins.py", line 38, in list
    queryset = self.filter_queryset(self.get_queryset())
  File "/home/keerthana/PycharmProjects/matc_django/matc/empapp/views.py", line 146, in get_queryset
    page = pagination.paginate_queryset(queryset=users, request=request)
  File "/home/keerthana/PycharmProjects/matc_django/matc/venv/lib/python3.8/site-packages/rest_framework/pagination.py", line 196, in paginate_queryset
    page_size = self.get_page_size(request)
  File "/home/keerthana/PycharmProjects/matc_django/matc/venv/lib/python3.8/site-packages/rest_framework/pagination.py", line 262, in get_page_size
    request.query_params[self.page_size_query_param],
AttributeError: module 'rest_framework.request' has no attribute 'query_params'
Internal Server Error: /api/getallemp
Traceback (most recent call last):
  File "/home/keerthana/PycharmProjects/matc_django/matc/venv/lib/python3.8/site-packages/django/core/handlers/exception.py", line 47, in inner
    response = get_response(request)
  File "/home/keerthana/PycharmProjects/matc_django/matc/venv/lib/python3.8/site-packages/django/core/handlers/base.py", line 181, in _get_response
    response = wrapped_callback(request, *callback_args, **callback_kwargs)
  File "/home/keerthana/PycharmProjects/matc_django/matc/venv/lib/python3.8/site-packages/django/views/decorators/csrf.py", line 54, in wrapped_view
    return view_func(*args, **kwargs)
  File "/home/keerthana/PycharmProjects/matc_django/matc/venv/lib/python3.8/site-packages/django/views/generic/base.py", line 69, in view
    return self.dispatch(request, *args, **kwargs)
  File "/home/keerthana/PycharmProjects/matc_django/matc/venv/lib/python3.8/site-packages/rest_framework/views.py", line 509, in dispatch
    response = self.handle_exception(exc)
  File "/home/keerthana/PycharmProjects/matc_django/matc/venv/lib/python3.8/site-packages/rest_framework/views.py", line 469, in handle_exception
    self.raise_uncaught_exception(exc)
  File "/home/keerthana/PycharmProjects/matc_django/matc/venv/lib/python3.8/site-packages/rest_framework/views.py", line 480, in raise_uncaught_exception
    raise exc
  File "/home/keerthana/PycharmProjects/matc_django/matc/venv/lib/python3.8/site-packages/rest_framework/views.py", line 506, in dispatch
    response = handler(request, *args, **kwargs)
  File "/home/keerthana/PycharmProjects/matc_django/matc/venv/lib/python3.8/site-packages/rest_framework/generics.py", line 199, in get
    return self.list(request, *args, **kwargs)
  File "/home/keerthana/PycharmProjects/matc_django/matc/venv/lib/python3.8/site-packages/rest_framework/mixins.py", line 38, in list
    queryset = self.filter_queryset(self.get_queryset())
  File "/home/keerthana/PycharmProjects/matc_django/matc/empapp/views.py", line 146, in get_queryset
    page = pagination.paginate_queryset(queryset=users, request=request)
  File "/home/keerthana/PycharmProjects/matc_django/matc/venv/lib/python3.8/site-packages/rest_framework/pagination.py", line 196, in paginate_queryset
    page_size = self.get_page_size(request)
  File "/home/keerthana/PycharmProjects/matc_django/matc/venv/lib/python3.8/site-packages/rest_framework/pagination.py", line 262, in get_page_size
    request.query_params[self.page_size_query_param],
AttributeError: module 'rest_framework.request' has no attribute 'query_params'
Login was accessed at 2022-07-25 11:46:27.659109 hours!
create employee at 2022-07-25 11:46:27.660523 hours!
create address at 2022-07-25 11:46:27.661321 hours!
create person at 2022-07-25 11:46:27.661766 hours!
Get all employee at 2022-07-25 11:46:27.662285 hours!
update user at 2022-07-25 11:46:27.662459 hours!
Internal Server Error: /api/getallemp
Traceback (most recent call last):
  File "/home/keerthana/PycharmProjects/matc_django/matc/venv/lib/python3.8/site-packages/django/core/handlers/exception.py", line 47, in inner
    response = get_response(request)
  File "/home/keerthana/PycharmProjects/matc_django/matc/venv/lib/python3.8/site-packages/django/core/handlers/base.py", line 181, in _get_response
    response = wrapped_callback(request, *callback_args, **callback_kwargs)
  File "/home/keerthana/PycharmProjects/matc_django/matc/venv/lib/python3.8/site-packages/django/views/decorators/csrf.py", line 54, in wrapped_view
    return view_func(*args, **kwargs)
  File "/home/keerthana/PycharmProjects/matc_django/matc/venv/lib/python3.8/site-packages/django/views/generic/base.py", line 69, in view
    return self.dispatch(request, *args, **kwargs)
  File "/home/keerthana/PycharmProjects/matc_django/matc/venv/lib/python3.8/site-packages/rest_framework/views.py", line 509, in dispatch
    response = self.handle_exception(exc)
  File "/home/keerthana/PycharmProjects/matc_django/matc/venv/lib/python3.8/site-packages/rest_framework/views.py", line 469, in handle_exception
    self.raise_uncaught_exception(exc)
  File "/home/keerthana/PycharmProjects/matc_django/matc/venv/lib/python3.8/site-packages/rest_framework/views.py", line 480, in raise_uncaught_exception
    raise exc
  File "/home/keerthana/PycharmProjects/matc_django/matc/venv/lib/python3.8/site-packages/rest_framework/views.py", line 506, in dispatch
    response = handler(request, *args, **kwargs)
  File "/home/keerthana/PycharmProjects/matc_django/matc/venv/lib/python3.8/site-packages/rest_framework/generics.py", line 199, in get
    return self.list(request, *args, **kwargs)
  File "/home/keerthana/PycharmProjects/matc_django/matc/venv/lib/python3.8/site-packages/rest_framework/mixins.py", line 38, in list
    queryset = self.filter_queryset(self.get_queryset())
  File "/home/keerthana/PycharmProjects/matc_django/matc/empapp/views.py", line 146, in get_queryset
    page = pagination.paginate_queryset(queryset=users, request=request)
  File "/home/keerthana/PycharmProjects/matc_django/matc/venv/lib/python3.8/site-packages/rest_framework/pagination.py", line 196, in paginate_queryset
    page_size = self.get_page_size(request)
  File "/home/keerthana/PycharmProjects/matc_django/matc/venv/lib/python3.8/site-packages/rest_framework/pagination.py", line 262, in get_page_size
    request.query_params[self.page_size_query_param],
AttributeError: module 'rest_framework.request' has no attribute 'query_params'
Internal Server Error: /api/getallemp
Traceback (most recent call last):
  File "/home/keerthana/PycharmProjects/matc_django/matc/venv/lib/python3.8/site-packages/django/core/handlers/exception.py", line 47, in inner
    response = get_response(request)
  File "/home/keerthana/PycharmProjects/matc_django/matc/venv/lib/python3.8/site-packages/django/core/handlers/base.py", line 181, in _get_response
    response = wrapped_callback(request, *callback_args, **callback_kwargs)
  File "/home/keerthana/PycharmProjects/matc_django/matc/venv/lib/python3.8/site-packages/django/views/decorators/csrf.py", line 54, in wrapped_view
    return view_func(*args, **kwargs)
  File "/home/keerthana/PycharmProjects/matc_django/matc/venv/lib/python3.8/site-packages/django/views/generic/base.py", line 69, in view
    return self.dispatch(request, *args, **kwargs)
  File "/home/keerthana/PycharmProjects/matc_django/matc/venv/lib/python3.8/site-packages/rest_framework/views.py", line 509, in dispatch
    response = self.handle_exception(exc)
  File "/home/keerthana/PycharmProjects/matc_django/matc/venv/lib/python3.8/site-packages/rest_framework/views.py", line 469, in handle_exception
    self.raise_uncaught_exception(exc)
  File "/home/keerthana/PycharmProjects/matc_django/matc/venv/lib/python3.8/site-packages/rest_framework/views.py", line 480, in raise_uncaught_exception
    raise exc
  File "/home/keerthana/PycharmProjects/matc_django/matc/venv/lib/python3.8/site-packages/rest_framework/views.py", line 506, in dispatch
    response = handler(request, *args, **kwargs)
  File "/home/keerthana/PycharmProjects/matc_django/matc/venv/lib/python3.8/site-packages/rest_framework/generics.py", line 199, in get
    return self.list(request, *args, **kwargs)
  File "/home/keerthana/PycharmProjects/matc_django/matc/venv/lib/python3.8/site-packages/rest_framework/mixins.py", line 38, in list
    queryset = self.filter_queryset(self.get_queryset())
  File "/home/keerthana/PycharmProjects/matc_django/matc/empapp/views.py", line 146, in get_queryset
    page = pagination.paginate_queryset(queryset=users, request=request)
  File "/home/keerthana/PycharmProjects/matc_django/matc/venv/lib/python3.8/site-packages/rest_framework/pagination.py", line 196, in paginate_queryset
    page_size = self.get_page_size(request)
  File "/home/keerthana/PycharmProjects/matc_django/matc/venv/lib/python3.8/site-packages/rest_framework/pagination.py", line 262, in get_page_size
    request.query_params[self.page_size_query_param],
AttributeError: module 'rest_framework.request' has no attribute 'query_params'
Internal Server Error: /api/getallemp
Traceback (most recent call last):
  File "/home/keerthana/PycharmProjects/matc_django/matc/venv/lib/python3.8/site-packages/django/core/handlers/exception.py", line 47, in inner
    response = get_response(request)
  File "/home/keerthana/PycharmProjects/matc_django/matc/venv/lib/python3.8/site-packages/django/core/handlers/base.py", line 181, in _get_response
    response = wrapped_callback(request, *callback_args, **callback_kwargs)
  File "/home/keerthana/PycharmProjects/matc_django/matc/venv/lib/python3.8/site-packages/django/views/decorators/csrf.py", line 54, in wrapped_view
    return view_func(*args, **kwargs)
  File "/home/keerthana/PycharmProjects/matc_django/matc/venv/lib/python3.8/site-packages/django/views/generic/base.py", line 69, in view
    return self.dispatch(request, *args, **kwargs)
  File "/home/keerthana/PycharmProjects/matc_django/matc/venv/lib/python3.8/site-packages/rest_framework/views.py", line 509, in dispatch
    response = self.handle_exception(exc)
  File "/home/keerthana/PycharmProjects/matc_django/matc/venv/lib/python3.8/site-packages/rest_framework/views.py", line 469, in handle_exception
    self.raise_uncaught_exception(exc)
  File "/home/keerthana/PycharmProjects/matc_django/matc/venv/lib/python3.8/site-packages/rest_framework/views.py", line 480, in raise_uncaught_exception
    raise exc
  File "/home/keerthana/PycharmProjects/matc_django/matc/venv/lib/python3.8/site-packages/rest_framework/views.py", line 506, in dispatch
    response = handler(request, *args, **kwargs)
  File "/home/keerthana/PycharmProjects/matc_django/matc/venv/lib/python3.8/site-packages/rest_framework/generics.py", line 199, in get
    return self.list(request, *args, **kwargs)
  File "/home/keerthana/PycharmProjects/matc_django/matc/venv/lib/python3.8/site-packages/rest_framework/mixins.py", line 38, in list
    queryset = self.filter_queryset(self.get_queryset())
  File "/home/keerthana/PycharmProjects/matc_django/matc/empapp/views.py", line 146, in get_queryset
    page = pagination.paginate_queryset(queryset=users, request=request)
  File "/home/keerthana/PycharmProjects/matc_django/matc/venv/lib/python3.8/site-packages/rest_framework/pagination.py", line 196, in paginate_queryset
    page_size = self.get_page_size(request)
  File "/home/keerthana/PycharmProjects/matc_django/matc/venv/lib/python3.8/site-packages/rest_framework/pagination.py", line 262, in get_page_size
    request.query_params[self.page_size_query_param],
AttributeError: module 'rest_framework.request' has no attribute 'query_params'
Login was accessed at 2022-07-25 11:48:33.061876 hours!
create employee at 2022-07-25 11:48:33.062281 hours!
create address at 2022-07-25 11:48:33.062628 hours!
create person at 2022-07-25 11:48:33.062788 hours!
Get all employee at 2022-07-25 11:48:33.062950 hours!
update user at 2022-07-25 11:48:33.063018 hours!
Login was accessed at 2022-07-25 11:48:33.782980 hours!
create employee at 2022-07-25 11:48:33.784200 hours!
create address at 2022-07-25 11:48:33.784828 hours!
create person at 2022-07-25 11:48:33.785272 hours!
Get all employee at 2022-07-25 11:48:33.785732 hours!
update user at 2022-07-25 11:48:33.785863 hours!
Login was accessed at 2022-07-25 12:41:00.931830 hours!
create employee at 2022-07-25 12:41:00.932337 hours!
create address at 2022-07-25 12:41:00.932822 hours!
create person at 2022-07-25 12:41:00.933063 hours!
Get all employee at 2022-07-25 12:41:00.933326 hours!
update user at 2022-07-25 12:41:00.933420 hours!
Login was accessed at 2022-07-25 12:41:01.586979 hours!
create employee at 2022-07-25 12:41:01.589320 hours!
create address at 2022-07-25 12:41:01.590661 hours!
create person at 2022-07-25 12:41:01.591480 hours!
Get all employee at 2022-07-25 12:41:01.592554 hours!
update user at 2022-07-25 12:41:01.592856 hours!
Login was accessed at 2022-07-25 14:09:57.958464 hours!
create employee at 2022-07-25 14:09:57.958852 hours!
create address at 2022-07-25 14:09:57.959165 hours!
create person at 2022-07-25 14:09:57.959303 hours!
Get all employee at 2022-07-25 14:09:57.959456 hours!
update user at 2022-07-25 14:09:57.959523 hours!
Login was accessed at 2022-07-25 14:09:58.711350 hours!
create employee at 2022-07-25 14:09:58.712562 hours!
create address at 2022-07-25 14:09:58.713142 hours!
create person at 2022-07-25 14:09:58.713465 hours!
Get all employee at 2022-07-25 14:09:58.714089 hours!
update user at 2022-07-25 14:09:58.714230 hours!
Login was accessed at 2022-07-25 14:10:35.449925 hours!
create employee at 2022-07-25 14:10:35.450301 hours!
create address at 2022-07-25 14:10:35.450610 hours!
create person at 2022-07-25 14:10:35.450752 hours!
Get all employee at 2022-07-25 14:10:35.450911 hours!
update user at 2022-07-25 14:10:35.450978 hours!
Login was accessed at 2022-07-25 14:10:36.088128 hours!
create employee at 2022-07-25 14:10:36.089399 hours!
create address at 2022-07-25 14:10:36.090068 hours!
create person at 2022-07-25 14:10:36.090416 hours!
Get all employee at 2022-07-25 14:10:36.090861 hours!
update user at 2022-07-25 14:10:36.090986 hours!
Login was accessed at 2022-07-25 14:18:46.893489 hours!
create employee at 2022-07-25 14:18:46.893851 hours!
create address at 2022-07-25 14:18:46.894186 hours!
create person at 2022-07-25 14:18:46.894338 hours!
Get all employee at 2022-07-25 14:18:46.894500 hours!
update user at 2022-07-25 14:18:46.894567 hours!
Login was accessed at 2022-07-25 14:18:48.003098 hours!
create employee at 2022-07-25 14:18:48.004192 hours!
create address at 2022-07-25 14:18:48.004735 hours!
create person at 2022-07-25 14:18:48.005060 hours!
Get all employee at 2022-07-25 14:18:48.005696 hours!
update user at 2022-07-25 14:18:48.005900 hours!
Login was accessed at 2022-07-25 14:20:44.866996 hours!
create employee at 2022-07-25 14:20:44.868160 hours!
create address at 2022-07-25 14:20:44.868732 hours!
create person at 2022-07-25 14:20:44.869156 hours!
Get all employee at 2022-07-25 14:20:44.869610 hours!
update user at 2022-07-25 14:20:44.869732 hours!
Login was accessed at 2022-07-25 14:23:19.289548 hours!
create employee at 2022-07-25 14:23:19.289922 hours!
create address at 2022-07-25 14:23:19.290259 hours!
create person at 2022-07-25 14:23:19.290454 hours!
Get all employee at 2022-07-25 14:23:19.290652 hours!
update user at 2022-07-25 14:23:19.290728 hours!
Login was accessed at 2022-07-25 14:23:20.640841 hours!
create employee at 2022-07-25 14:23:20.642076 hours!
create address at 2022-07-25 14:23:20.642685 hours!
create person at 2022-07-25 14:23:20.643007 hours!
Get all employee at 2022-07-25 14:23:20.643541 hours!
update user at 2022-07-25 14:23:20.643664 hours!
Not Found: /
Login was accessed at 2022-07-25 14:26:51.349935 hours!
create employee at 2022-07-25 14:26:51.351114 hours!
create address at 2022-07-25 14:26:51.351680 hours!
create person at 2022-07-25 14:26:51.352009 hours!
Get all employee at 2022-07-25 14:26:51.352423 hours!
update user at 2022-07-25 14:26:51.352546 hours!
Login was accessed at 2022-07-25 14:27:32.371705 hours!
create employee at 2022-07-25 14:27:32.372188 hours!
create address at 2022-07-25 14:27:32.372680 hours!
create person at 2022-07-25 14:27:32.372912 hours!
Get all employee at 2022-07-25 14:27:32.373180 hours!
update user at 2022-07-25 14:27:32.373286 hours!
Login was accessed at 2022-07-25 14:27:33.010440 hours!
create employee at 2022-07-25 14:27:33.011681 hours!
create address at 2022-07-25 14:27:33.012301 hours!
create person at 2022-07-25 14:27:33.012651 hours!
Get all employee at 2022-07-25 14:27:33.013079 hours!
update user at 2022-07-25 14:27:33.013207 hours!
